<?xml version="1.0" encoding="UTF-8"?>
<testng-results skipped="0" failed="0" total="1" passed="1">
  <reporter-output>
  </reporter-output>
  <suite name="getPriceTest" duration-ms="745" started-at="2016-10-22T07:00:48Z" finished-at="2016-10-22T07:00:49Z">
    <groups>
    </groups>
    <test name="Command line test" duration-ms="745" started-at="2016-10-22T07:00:48Z" finished-at="2016-10-22T07:00:49Z">
      <class name="getPriceTest">
        <test-method status="PASS" signature="testPriceGet()[pri:0, instance:getPriceTest@3936d1b4]" name="testPriceGet" duration-ms="736" started-at="2016-10-22T15:00:48Z" finished-at="2016-10-22T15:00:49Z">
          <reporter-output>
          </reporter-output>
        </test-method> <!-- testPriceGet -->
      </class> <!-- getPriceTest -->
    </test> <!-- Command line test -->
  </suite> <!-- getPriceTest -->
</testng-results>
